生成启动时间为 2015/7/12 11:59:55。
     1>项目“N:\test\GenEle\GenEle\GenEle\GenEle.vcxproj”在节点 2 上(build 个目标)。
     1>InitializeBuildStatus:
         正在创建“Debug\GenEle.unsuccessfulbuild”，因为已指定“AlwaysCreate”。
       ClCompile:
         c:\Program Files (x86)\Microsoft Visual Studio 10.0\VC\bin\CL.exe /c /ZI /nologo /W3 /WX- /Od /Oy- /D _MBCS /Gm /EHsc /RTC1 /MDd /GS /fp:precise /Zc:wchar_t /Zc:forScope /Fo"Debug\\" /Fd"Debug\vc100.pdb" /Gd /TP /analyze- /errorReport:prompt main.cpp
         main.cpp
       Link:
         c:\Program Files (x86)\Microsoft Visual Studio 10.0\VC\bin\link.exe /ERRORREPORT:PROMPT /OUT:"N:\test\GenEle\GenEle\Debug\GenEle.exe" /NOLOGO kernel32.lib user32.lib gdi32.lib winspool.lib comdlg32.lib advapi32.lib shell32.lib ole32.lib oleaut32.lib uuid.lib odbc32.lib odbccp32.lib /MANIFEST /ManifestFile:"Debug\GenEle.exe.intermediate.manifest" /MANIFESTUAC:"level='asInvoker' uiAccess='false'" /DEBUG /PDB:"N:\test\GenEle\GenEle\Debug\GenEle.pdb" /TLBID:1 /DYNAMICBASE /NXCOMPAT /IMPLIB:"N:\test\GenEle\GenEle\Debug\GenEle.lib" /MACHINE:X86 Debug\main.obj
         Debug\objmesh.obj
         Debug\tetmesh.obj
         Debug\vec3.obj
         LINK : 没有找到 N:\test\GenEle\GenEle\Debug\GenEle.exe 或上一个增量链接没有生成它；正在执行完全链接
         GenEle.vcxproj -> N:\test\GenEle\GenEle\Debug\GenEle.exe
       Manifest:
         C:\Program Files (x86)\Microsoft SDKs\Windows\v7.0A\bin\mt.exe /nologo /verbose /outputresource:"N:\test\GenEle\GenEle\Debug\GenEle.exe;#1" /manifest Debug\GenEle.exe.intermediate.manifest
       FinalizeBuildStatus:
         正在删除文件“Debug\GenEle.unsuccessfulbuild”。
         正在对“Debug\GenEle.lastbuildstate”执行 Touch 任务。
     1>已完成生成项目“N:\test\GenEle\GenEle\GenEle\GenEle.vcxproj”(build 个目标)的操作。

生成成功。

已用时间 00:00:03.03
